<?xml version="1.0" encoding="UTF-8"?>
<!-- Generated by org.testng.reporters.JUnitReportReporter -->
<testsuite hostname="Jarvis" failures="0" tests="1" name="testcases.TC007_LinkIsNotBrokenTest" time="29.475" errors="0" timestamp="2024-03-27T19:37:28 IST" skipped="0">
  <testcase classname="testcases.TC007_LinkIsNotBrokenTest" name="LinkIsNotBrokenTest" time="29.475"/>
  <system-out/>
</testsuite> <!-- testcases.TC007_LinkIsNotBrokenTest -->
