<?xml version="1.0" encoding="UTF-8"?>
<!-- Generated by org.testng.reporters.JUnitReportReporter -->
<testsuite hostname="Jarvis" failures="0" tests="5" name="testcases.TC003_BottomLinksValidation" time="122.666" errors="0" timestamp="2024-03-27T19:37:28 IST" skipped="0">
  <testcase classname="testcases.TC003_BottomLinksValidation" name="BottonLinksValidation" time="23.440"/>
  <system-out/>
  <testcase classname="testcases.TC003_BottomLinksValidation" name="BottonLinksValidation" time="23.053"/>
  <system-out/>
  <testcase classname="testcases.TC003_BottomLinksValidation" name="BottonLinksValidation" time="25.646"/>
  <system-out/>
  <testcase classname="testcases.TC003_BottomLinksValidation" name="BottonLinksValidation" time="27.747"/>
  <system-out/>
  <testcase classname="testcases.TC003_BottomLinksValidation" name="BottonLinksValidation" time="22.780"/>
  <system-out/>
</testsuite> <!-- testcases.TC003_BottomLinksValidation -->
