<?xml version="1.0" encoding="UTF-8"?>
<!-- Generated by org.testng.reporters.JUnitReportReporter -->
<testsuite hostname="Jarvis" failures="0" tests="1" name="testcases.TC003_BottomLinksTest" time="17.985" errors="0" timestamp="2024-03-07T19:21:59 IST" skipped="0">
  <testcase classname="testcases.TC003_BottomLinksTest" name="BottomLinksTest" time="17.985"/>
  <system-out/>
</testsuite> <!-- testcases.TC003_BottomLinksTest -->
